{"C:\\Users\\axelc\\Downloads\\14-rest_api_node_ts_server\\14-rest_api_node_ts_server\\src\\router.ts": {"path":"C:\\Users\\axelc\\Downloads\\14-rest_api_node_ts_server\\14-rest_api_node_ts_server\\src\\router.ts","statementMap":{"0":{"start":{"line":1,"column":0},"end":{"line":1,"column":32}},"1":{"start":{"line":2,"column":0},"end":{"line":2,"column":47}},"2":{"start":{"line":3,"column":0},"end":{"line":3,"column":129}},"3":{"start":{"line":4,"column":0},"end":{"line":4,"column":48}},"4":{"start":{"line":6,"column":15},"end":{"line":6,"column":23}},"5":{"start":{"line":9,"column":0},"end":{"line":9,"column":null}},"6":{"start":{"line":11,"column":0},"end":{"line":15,"column":null}},"7":{"start":{"line":17,"column":0},"end":{"line":27,"column":null}},"8":{"start":{"line":24,"column":25},"end":{"line":24,"column":34}},"9":{"start":{"line":29,"column":0},"end":{"line":41,"column":null}},"10":{"start":{"line":36,"column":25},"end":{"line":36,"column":34}},"11":{"start":{"line":43,"column":0},"end":{"line":47,"column":null}},"12":{"start":{"line":49,"column":0},"end":{"line":53,"column":null}},"13":{"start":{"line":55,"column":0},"end":{"line":55,"column":null}}},"fnMap":{"0":{"name":"(anonymous_0)","decl":{"start":{"line":24,"column":16},"end":{"line":24,"column":21}},"loc":{"start":{"line":24,"column":25},"end":{"line":24,"column":34}}},"1":{"name":"(anonymous_1)","decl":{"start":{"line":36,"column":16},"end":{"line":36,"column":21}},"loc":{"start":{"line":36,"column":25},"end":{"line":36,"column":34}}}},"branchMap":{},"s":{"0":2,"1":2,"2":2,"3":2,"4":2,"5":2,"6":2,"7":2,"8":4,"9":2,"10":1,"11":2,"12":2,"13":2},"f":{"0":4,"1":1},"b":{}}
,"C:\\Users\\axelc\\Downloads\\14-rest_api_node_ts_server\\14-rest_api_node_ts_server\\src\\server.ts": {"path":"C:\\Users\\axelc\\Downloads\\14-rest_api_node_ts_server\\14-rest_api_node_ts_server\\src\\server.ts","statementMap":{"0":{"start":{"line":1,"column":0},"end":{"line":1,"column":29}},"1":{"start":{"line":2,"column":0},"end":{"line":2,"column":27}},"2":{"start":{"line":3,"column":0},"end":{"line":3,"column":30}},"3":{"start":{"line":4,"column":0},"end":{"line":4,"column":28}},"4":{"start":{"line":8,"column":4},"end":{"line":15,"column":null}},"5":{"start":{"line":9,"column":8},"end":{"line":9,"column":null}},"6":{"start":{"line":10,"column":8},"end":{"line":10,"column":null}},"7":{"start":{"line":14,"column":8},"end":{"line":14,"column":null}},"8":{"start":{"line":7,"column":0},"end":{"line":7,"column":7}},"9":{"start":{"line":17,"column":0},"end":{"line":17,"column":null}},"10":{"start":{"line":20,"column":15},"end":{"line":20,"column":24}},"11":{"start":{"line":23,"column":0},"end":{"line":23,"column":null}},"12":{"start":{"line":25,"column":0},"end":{"line":25,"column":null}},"13":{"start":{"line":27,"column":0},"end":{"line":29,"column":null}},"14":{"start":{"line":28,"column":4},"end":{"line":28,"column":null}},"15":{"start":{"line":31,"column":0},"end":{"line":31,"column":null}}},"fnMap":{"0":{"name":"connectDB","decl":{"start":{"line":7,"column":22},"end":{"line":7,"column":31}},"loc":{"start":{"line":7,"column":31},"end":{"line":16,"column":1}}},"1":{"name":"(anonymous_2)","decl":{"start":{"line":27,"column":19},"end":{"line":27,"column":20}},"loc":{"start":{"line":27,"column":32},"end":{"line":29,"column":1}}}},"branchMap":{},"s":{"0":2,"1":2,"2":2,"3":2,"4":3,"5":3,"6":2,"7":1,"8":2,"9":2,"10":2,"11":2,"12":2,"13":2,"14":1,"15":2},"f":{"0":3,"1":1},"b":{}}
,"C:\\Users\\axelc\\Downloads\\14-rest_api_node_ts_server\\14-rest_api_node_ts_server\\src\\config\\db.ts": {"path":"C:\\Users\\axelc\\Downloads\\14-rest_api_node_ts_server\\14-rest_api_node_ts_server\\src\\config\\db.ts","statementMap":{"0":{"start":{"line":1,"column":0},"end":{"line":1,"column":48}},"1":{"start":{"line":2,"column":0},"end":{"line":2,"column":27}},"2":{"start":{"line":3,"column":0},"end":{"line":3,"column":null}},"3":{"start":{"line":5,"column":11},"end":{"line":8,"column":2}},"4":{"start":{"line":10,"column":0},"end":{"line":10,"column":null}}},"fnMap":{},"branchMap":{},"s":{"0":2,"1":2,"2":2,"3":2,"4":2},"f":{},"b":{}}
,"C:\\Users\\axelc\\Downloads\\14-rest_api_node_ts_server\\14-rest_api_node_ts_server\\src\\handlers\\product.ts": {"path":"C:\\Users\\axelc\\Downloads\\14-rest_api_node_ts_server\\14-rest_api_node_ts_server\\src\\handlers\\product.ts","statementMap":{"0":{"start":{"line":2,"column":0},"end":{"line":2,"column":45}},"1":{"start":{"line":4,"column":27},"end":{"line":15,"column":1}},"2":{"start":{"line":5,"column":4},"end":{"line":14,"column":null}},"3":{"start":{"line":6,"column":25},"end":{"line":10,"column":10}},"4":{"start":{"line":11,"column":8},"end":{"line":11,"column":null}},"5":{"start":{"line":13,"column":8},"end":{"line":13,"column":null}},"6":{"start":{"line":4,"column":13},"end":{"line":4,"column":27}},"7":{"start":{"line":17,"column":30},"end":{"line":31,"column":1}},"8":{"start":{"line":18,"column":4},"end":{"line":30,"column":null}},"9":{"start":{"line":19,"column":23},"end":{"line":19,"column":33}},"10":{"start":{"line":20,"column":24},"end":{"line":20,"column":50}},"11":{"start":{"line":22,"column":8},"end":{"line":26,"column":null}},"12":{"start":{"line":23,"column":12},"end":{"line":25,"column":null}},"13":{"start":{"line":27,"column":8},"end":{"line":27,"column":null}},"14":{"start":{"line":29,"column":8},"end":{"line":29,"column":null}},"15":{"start":{"line":17,"column":13},"end":{"line":17,"column":30}},"16":{"start":{"line":33,"column":29},"end":{"line":40,"column":1}},"17":{"start":{"line":34,"column":4},"end":{"line":39,"column":null}},"18":{"start":{"line":35,"column":24},"end":{"line":35,"column":54}},"19":{"start":{"line":36,"column":8},"end":{"line":36,"column":null}},"20":{"start":{"line":38,"column":8},"end":{"line":38,"column":null}},"21":{"start":{"line":33,"column":13},"end":{"line":33,"column":29}},"22":{"start":{"line":42,"column":29},"end":{"line":55,"column":1}},"23":{"start":{"line":43,"column":19},"end":{"line":43,"column":29}},"24":{"start":{"line":44,"column":20},"end":{"line":44,"column":46}},"25":{"start":{"line":46,"column":4},"end":{"line":50,"column":null}},"26":{"start":{"line":47,"column":8},"end":{"line":49,"column":null}},"27":{"start":{"line":52,"column":4},"end":{"line":52,"column":null}},"28":{"start":{"line":53,"column":4},"end":{"line":53,"column":null}},"29":{"start":{"line":54,"column":4},"end":{"line":54,"column":null}},"30":{"start":{"line":42,"column":13},"end":{"line":42,"column":29}},"31":{"start":{"line":57,"column":34},"end":{"line":71,"column":1}},"32":{"start":{"line":58,"column":19},"end":{"line":58,"column":29}},"33":{"start":{"line":59,"column":20},"end":{"line":59,"column":46}},"34":{"start":{"line":61,"column":4},"end":{"line":65,"column":null}},"35":{"start":{"line":62,"column":8},"end":{"line":64,"column":null}},"36":{"start":{"line":68,"column":4},"end":{"line":68,"column":null}},"37":{"start":{"line":69,"column":4},"end":{"line":69,"column":null}},"38":{"start":{"line":70,"column":4},"end":{"line":70,"column":null}},"39":{"start":{"line":57,"column":13},"end":{"line":57,"column":34}},"40":{"start":{"line":73,"column":29},"end":{"line":85,"column":1}},"41":{"start":{"line":74,"column":19},"end":{"line":74,"column":29}},"42":{"start":{"line":75,"column":20},"end":{"line":75,"column":46}},"43":{"start":{"line":77,"column":4},"end":{"line":81,"column":null}},"44":{"start":{"line":78,"column":8},"end":{"line":80,"column":null}},"45":{"start":{"line":83,"column":4},"end":{"line":83,"column":null}},"46":{"start":{"line":84,"column":4},"end":{"line":84,"column":null}},"47":{"start":{"line":73,"column":13},"end":{"line":73,"column":29}}},"fnMap":{"0":{"name":"(anonymous_1)","decl":{"start":{"line":4,"column":27},"end":{"line":4,"column":32}},"loc":{"start":{"line":4,"column":65},"end":{"line":15,"column":1}}},"1":{"name":"(anonymous_2)","decl":{"start":{"line":17,"column":30},"end":{"line":17,"column":35}},"loc":{"start":{"line":17,"column":68},"end":{"line":31,"column":1}}},"2":{"name":"(anonymous_3)","decl":{"start":{"line":33,"column":29},"end":{"line":33,"column":34}},"loc":{"start":{"line":33,"column":69},"end":{"line":40,"column":1}}},"3":{"name":"(anonymous_4)","decl":{"start":{"line":42,"column":29},"end":{"line":42,"column":34}},"loc":{"start":{"line":42,"column":67},"end":{"line":55,"column":1}}},"4":{"name":"(anonymous_5)","decl":{"start":{"line":57,"column":34},"end":{"line":57,"column":39}},"loc":{"start":{"line":57,"column":72},"end":{"line":71,"column":1}}},"5":{"name":"(anonymous_6)","decl":{"start":{"line":73,"column":29},"end":{"line":73,"column":34}},"loc":{"start":{"line":73,"column":67},"end":{"line":85,"column":1}}}},"branchMap":{"0":{"loc":{"start":{"line":22,"column":8},"end":{"line":26,"column":null}},"type":"if","locations":[{"start":{"line":22,"column":8},"end":{"line":26,"column":null}},{"start":{},"end":{}}]},"1":{"loc":{"start":{"line":46,"column":4},"end":{"line":50,"column":null}},"type":"if","locations":[{"start":{"line":46,"column":4},"end":{"line":50,"column":null}},{"start":{},"end":{}}]},"2":{"loc":{"start":{"line":61,"column":4},"end":{"line":65,"column":null}},"type":"if","locations":[{"start":{"line":61,"column":4},"end":{"line":65,"column":null}},{"start":{},"end":{}}]},"3":{"loc":{"start":{"line":77,"column":4},"end":{"line":81,"column":null}},"type":"if","locations":[{"start":{"line":77,"column":4},"end":{"line":81,"column":null}},{"start":{},"end":{}}]}},"s":{"0":2,"1":2,"2":2,"3":2,"4":2,"5":0,"6":2,"7":2,"8":1,"9":1,"10":1,"11":1,"12":1,"13":0,"14":0,"15":2,"16":2,"17":1,"18":1,"19":1,"20":0,"21":2,"22":2,"23":0,"24":0,"25":0,"26":0,"27":0,"28":0,"29":0,"30":2,"31":2,"32":0,"33":0,"34":0,"35":0,"36":0,"37":0,"38":0,"39":2,"40":2,"41":0,"42":0,"43":0,"44":0,"45":0,"46":0,"47":2},"f":{"0":2,"1":1,"2":1,"3":0,"4":0,"5":0},"b":{"0":[1,0],"1":[0,0],"2":[0,0],"3":[0,0]}}
,"C:\\Users\\axelc\\Downloads\\14-rest_api_node_ts_server\\14-rest_api_node_ts_server\\src\\middleware\\index.ts": {"path":"C:\\Users\\axelc\\Downloads\\14-rest_api_node_ts_server\\14-rest_api_node_ts_server\\src\\middleware\\index.ts","statementMap":{"0":{"start":{"line":2,"column":0},"end":{"line":2,"column":52}},"1":{"start":{"line":4,"column":33},"end":{"line":10,"column":1}},"2":{"start":{"line":5,"column":17},"end":{"line":5,"column":38}},"3":{"start":{"line":6,"column":4},"end":{"line":8,"column":null}},"4":{"start":{"line":7,"column":8},"end":{"line":7,"column":null}},"5":{"start":{"line":9,"column":4},"end":{"line":9,"column":null}},"6":{"start":{"line":4,"column":13},"end":{"line":4,"column":33}}},"fnMap":{"0":{"name":"(anonymous_0)","decl":{"start":{"line":4,"column":33},"end":{"line":4,"column":34}},"loc":{"start":{"line":4,"column":85},"end":{"line":10,"column":1}}}},"branchMap":{"0":{"loc":{"start":{"line":6,"column":4},"end":{"line":8,"column":null}},"type":"if","locations":[{"start":{"line":6,"column":4},"end":{"line":8,"column":null}},{"start":{},"end":{}}]}},"s":{"0":2,"1":2,"2":7,"3":7,"4":5,"5":2,"6":2},"f":{"0":7},"b":{"0":[5,2]}}
,"C:\\Users\\axelc\\Downloads\\14-rest_api_node_ts_server\\14-rest_api_node_ts_server\\src\\models\\Product.model.ts": {"path":"C:\\Users\\axelc\\Downloads\\14-rest_api_node_ts_server\\14-rest_api_node_ts_server\\src\\models\\Product.model.ts","statementMap":{"0":{"start":{"line":1,"column":0},"end":{"line":1,"column":78}},"1":{"start":{"line":7,"column":0},"end":{"line":23,"column":null}},"2":{"start":{"line":11,"column":12},"end":{"line":11,"column":null}},"3":{"start":{"line":16,"column":12},"end":{"line":16,"column":null}},"4":{"start":{"line":22,"column":12},"end":{"line":22,"column":null}},"5":{"start":{"line":7,"column":6},"end":{"line":23,"column":null}},"6":{"start":{"line":25,"column":0},"end":{"line":25,"column":null}}},"fnMap":{},"branchMap":{},"s":{"0":3,"1":3,"2":3,"3":3,"4":3,"5":3,"6":3},"f":{},"b":{}}
}
