TN:
SF:src\router.ts
FN:24,(anonymous_0)
FN:36,(anonymous_1)
FNF:2
FNH:2
FNDA:4,(anonymous_0)
FNDA:1,(anonymous_1)
DA:1,2
DA:2,2
DA:3,2
DA:4,2
DA:6,2
DA:9,2
DA:11,2
DA:17,2
DA:24,4
DA:29,2
DA:36,1
DA:43,2
DA:49,2
DA:55,2
LF:14
LH:14
BRF:0
BRH:0
end_of_record
TN:
SF:src\server.ts
FN:7,connectDB
FN:27,(anonymous_2)
FNF:2
FNH:2
FNDA:3,connectDB
FNDA:1,(anonymous_2)
DA:1,2
DA:2,2
DA:3,2
DA:4,2
DA:7,2
DA:8,3
DA:9,3
DA:10,2
DA:14,1
DA:17,2
DA:20,2
DA:23,2
DA:25,2
DA:27,2
DA:28,1
DA:31,2
LF:16
LH:16
BRF:0
BRH:0
end_of_record
TN:
SF:src\config\db.ts
FNF:0
FNH:0
DA:1,2
DA:2,2
DA:3,2
DA:5,2
DA:10,2
LF:5
LH:5
BRF:0
BRH:0
end_of_record
TN:
SF:src\handlers\product.ts
FN:4,(anonymous_1)
FN:17,(anonymous_2)
FN:33,(anonymous_3)
FN:42,(anonymous_4)
FN:57,(anonymous_5)
FN:73,(anonymous_6)
FNF:6
FNH:3
FNDA:2,(anonymous_1)
FNDA:1,(anonymous_2)
FNDA:1,(anonymous_3)
FNDA:0,(anonymous_4)
FNDA:0,(anonymous_5)
FNDA:0,(anonymous_6)
DA:2,2
DA:4,2
DA:5,2
DA:6,2
DA:11,2
DA:13,0
DA:17,2
DA:18,1
DA:19,1
DA:20,1
DA:22,1
DA:23,1
DA:27,0
DA:29,0
DA:33,2
DA:34,1
DA:35,1
DA:36,1
DA:38,0
DA:42,2
DA:43,0
DA:44,0
DA:46,0
DA:47,0
DA:52,0
DA:53,0
DA:54,0
DA:57,2
DA:58,0
DA:59,0
DA:61,0
DA:62,0
DA:68,0
DA:69,0
DA:70,0
DA:73,2
DA:74,0
DA:75,0
DA:77,0
DA:78,0
DA:83,0
DA:84,0
LF:42
LH:18
BRDA:22,0,0,1
BRDA:22,0,1,0
BRDA:46,1,0,0
BRDA:46,1,1,0
BRDA:61,2,0,0
BRDA:61,2,1,0
BRDA:77,3,0,0
BRDA:77,3,1,0
BRF:8
BRH:1
end_of_record
TN:
SF:src\middleware\index.ts
FN:4,(anonymous_0)
FNF:1
FNH:1
FNDA:7,(anonymous_0)
DA:2,2
DA:4,2
DA:5,7
DA:6,7
DA:7,5
DA:9,2
LF:6
LH:6
BRDA:6,0,0,5
BRDA:6,0,1,2
BRF:2
BRH:2
end_of_record
TN:
SF:src\models\Product.model.ts
FNF:0
FNH:0
DA:1,3
DA:7,3
DA:11,3
DA:16,3
DA:22,3
DA:25,3
LF:6
LH:6
BRF:0
BRH:0
end_of_record
